This file contains any messages produced by compilers while
running configure, to aid debugging if configure makes a mistake.

It was created by pofswitch configure 1.4.0.015, which was
generated by GNU Autoconf 2.69.  Invocation command line was

  $ ./configure --enable-color --enable-debug

## --------- ##
## Platform. ##
## --------- ##

hostname = ubuntu
uname -m = x86_64
uname -r = 3.19.0-25-generic
uname -s = Linux
uname -v = #26~14.04.1-Ubuntu SMP Fri Jul 24 21:16:20 UTC 2015

/usr/bin/uname -p = unknown
/bin/uname -X     = unknown

/bin/arch              = unknown
/usr/bin/arch -k       = unknown
/usr/convex/getsysinfo = unknown
/usr/bin/hostinfo      = unknown
/bin/machine           = unknown
/usr/bin/oslevel       = unknown
/bin/universe          = unknown

PATH: /usr/lib/jvm/jdk1.8.0_101/bin
PATH: /usr/local/sbin
PATH: /usr/local/bin
PATH: /usr/sbin
PATH: /usr/bin
PATH: /sbin
PATH: /bin
PATH: /usr/games
PATH: /usr/local/games


## ----------- ##
## Core tests. ##
## ----------- ##

configure:2299: checking for a BSD-compatible install
configure:2367: result: /usr/bin/install -c
configure:2378: checking whether build environment is sane
configure:2428: result: yes
configure:2569: checking for a thread-safe mkdir -p
configure:2608: result: /bin/mkdir -p
configure:2621: checking for gawk
configure:2637: found /usr/bin/gawk
configure:2648: result: gawk
configure:2659: checking whether make sets $(MAKE)
configure:2681: result: yes
configure:2819: checking for gcc
configure:2835: found /usr/bin/gcc
configure:2846: result: gcc
configure:3075: checking for C compiler version
configure:3084: gcc --version >&5
gcc (Ubuntu 4.8.4-2ubuntu1~14.04.3) 4.8.4
Copyright (C) 2013 Free Software Foundation, Inc.
This is free software; see the source for copying conditions.  There is NO
warranty; not even for MERCHANTABILITY or FITNESS FOR A PARTICULAR PURPOSE.

configure:3095: $? = 0
configure:3084: gcc -v >&5
Using built-in specs.
COLLECT_GCC=gcc
COLLECT_LTO_WRAPPER=/usr/lib/gcc/x86_64-linux-gnu/4.8/lto-wrapper
Target: x86_64-linux-gnu
Configured with: ../src/configure -v --with-pkgversion='Ubuntu 4.8.4-2ubuntu1~14.04.3' --with-bugurl=file:///usr/share/doc/gcc-4.8/README.Bugs --enable-languages=c,c++,java,go,d,fortran,objc,obj-c++ --prefix=/usr --program-suffix=-4.8 --enable-shared --enable-linker-build-id --libexecdir=/usr/lib --without-included-gettext --enable-threads=posix --with-gxx-include-dir=/usr/include/c++/4.8 --libdir=/usr/lib --enable-nls --with-sysroot=/ --enable-clocale=gnu --enable-libstdcxx-debug --enable-libstdcxx-time=yes --enable-gnu-unique-object --disable-libmudflap --enable-plugin --with-system-zlib --disable-browser-plugin --enable-java-awt=gtk --enable-gtk-cairo --with-java-home=/usr/lib/jvm/java-1.5.0-gcj-4.8-amd64/jre --enable-java-home --with-jvm-root-dir=/usr/lib/jvm/java-1.5.0-gcj-4.8-amd64 --with-jvm-jar-dir=/usr/lib/jvm-exports/java-1.5.0-gcj-4.8-amd64 --with-arch-directory=amd64 --with-ecj-jar=/usr/share/java/eclipse-ecj.jar --enable-objc-gc --enable-multiarch --disable-werror --with-arch-32=i686 --with-abi=m64 --with-multilib-list=m32,m64,mx32 --with-tune=generic --enable-checking=release --build=x86_64-linux-gnu --host=x86_64-linux-gnu --target=x86_64-linux-gnu
Thread model: posix
gcc version 4.8.4 (Ubuntu 4.8.4-2ubuntu1~14.04.3) 
configure:3095: $? = 0
configure:3084: gcc -V >&5
gcc: error: unrecognized command line option '-V'
gcc: fatal error: no input files
compilation terminated.
configure:3095: $? = 4
configure:3084: gcc -qversion >&5
gcc: error: unrecognized command line option '-qversion'
gcc: fatal error: no input files
compilation terminated.
configure:3095: $? = 4
configure:3115: checking whether the C compiler works
configure:3137: gcc    conftest.c  >&5
configure:3141: $? = 0
configure:3189: result: yes
configure:3192: checking for C compiler default output file name
configure:3194: result: a.out
configure:3200: checking for suffix of executables
configure:3207: gcc -o conftest    conftest.c  >&5
configure:3211: $? = 0
configure:3233: result: 
configure:3255: checking whether we are cross compiling
configure:3263: gcc -o conftest    conftest.c  >&5
configure:3267: $? = 0
configure:3274: ./conftest
configure:3278: $? = 0
configure:3293: result: no
configure:3298: checking for suffix of object files
configure:3320: gcc -c   conftest.c >&5
configure:3324: $? = 0
configure:3345: result: o
configure:3349: checking whether we are using the GNU C compiler
configure:3368: gcc -c   conftest.c >&5
configure:3368: $? = 0
configure:3377: result: yes
configure:3386: checking whether gcc accepts -g
configure:3406: gcc -c -g  conftest.c >&5
configure:3406: $? = 0
configure:3447: result: yes
configure:3464: checking for gcc option to accept ISO C89
configure:3527: gcc  -c -g -O2  conftest.c >&5
configure:3527: $? = 0
configure:3540: result: none needed
configure:3571: checking for style of include used by make
configure:3599: result: GNU
configure:3625: checking dependency style of gcc
configure:3736: result: gcc3
configure:3794: checking for ranlib
configure:3810: found /usr/bin/ranlib
configure:3821: result: ranlib
configure:3846: checking for pthread_create in -lpthread
configure:3871: gcc -o conftest -g -O2   conftest.c -lpthread   >&5
configure:3871: $? = 0
configure:3880: result: yes
configure:3898: checking how to run the C preprocessor
configure:3929: gcc -E  conftest.c
configure:3929: $? = 0
configure:3943: gcc -E  conftest.c
conftest.c:14:28: fatal error: ac_nonexistent.h: No such file or directory
 #include <ac_nonexistent.h>
                            ^
compilation terminated.
configure:3943: $? = 1
configure: failed program was:
| /* confdefs.h */
| #define PACKAGE_NAME "pofswitch"
| #define PACKAGE_TARNAME "pofswitch"
| #define PACKAGE_VERSION "1.4.0.015"
| #define PACKAGE_STRING "pofswitch 1.4.0.015"
| #define PACKAGE_BUGREPORT "yujingzhou@huawei.com"
| #define PACKAGE_URL ""
| #define PACKAGE "pofswitch"
| #define VERSION "1.4.0.015"
| #define POFSWITCH_VERSION_NO POFSwitch_VERSION_1_4_0
| #define POFSWITCH_VERSION_SUB "015"
| #define HAVE_LIBPTHREAD 1
| /* end confdefs.h.  */
| #include <ac_nonexistent.h>
configure:3968: result: gcc -E
configure:3988: gcc -E  conftest.c
configure:3988: $? = 0
configure:4002: gcc -E  conftest.c
conftest.c:14:28: fatal error: ac_nonexistent.h: No such file or directory
 #include <ac_nonexistent.h>
                            ^
compilation terminated.
configure:4002: $? = 1
configure: failed program was:
| /* confdefs.h */
| #define PACKAGE_NAME "pofswitch"
| #define PACKAGE_TARNAME "pofswitch"
| #define PACKAGE_VERSION "1.4.0.015"
| #define PACKAGE_STRING "pofswitch 1.4.0.015"
| #define PACKAGE_BUGREPORT "yujingzhou@huawei.com"
| #define PACKAGE_URL ""
| #define PACKAGE "pofswitch"
| #define VERSION "1.4.0.015"
| #define POFSWITCH_VERSION_NO POFSwitch_VERSION_1_4_0
| #define POFSWITCH_VERSION_SUB "015"
| #define HAVE_LIBPTHREAD 1
| /* end confdefs.h.  */
| #include <ac_nonexistent.h>
configure:4031: checking for grep that handles long lines and -e
configure:4089: result: /bin/grep
configure:4094: checking for egrep
configure:4156: result: /bin/grep -E
configure:4161: checking for ANSI C header files
configure:4181: gcc -c -g -O2  conftest.c >&5
configure:4181: $? = 0
configure:4254: gcc -o conftest -g -O2   conftest.c -lpthread  >&5
configure:4254: $? = 0
configure:4254: ./conftest
configure:4254: $? = 0
configure:4265: result: yes
configure:4278: checking for sys/types.h
configure:4278: gcc -c -g -O2  conftest.c >&5
configure:4278: $? = 0
configure:4278: result: yes
configure:4278: checking for sys/stat.h
configure:4278: gcc -c -g -O2  conftest.c >&5
configure:4278: $? = 0
configure:4278: result: yes
configure:4278: checking for stdlib.h
configure:4278: gcc -c -g -O2  conftest.c >&5
configure:4278: $? = 0
configure:4278: result: yes
configure:4278: checking for string.h
configure:4278: gcc -c -g -O2  conftest.c >&5
configure:4278: $? = 0
configure:4278: result: yes
configure:4278: checking for memory.h
configure:4278: gcc -c -g -O2  conftest.c >&5
configure:4278: $? = 0
configure:4278: result: yes
configure:4278: checking for strings.h
configure:4278: gcc -c -g -O2  conftest.c >&5
configure:4278: $? = 0
configure:4278: result: yes
configure:4278: checking for inttypes.h
configure:4278: gcc -c -g -O2  conftest.c >&5
configure:4278: $? = 0
configure:4278: result: yes
configure:4278: checking for stdint.h
configure:4278: gcc -c -g -O2  conftest.c >&5
configure:4278: $? = 0
configure:4278: result: yes
configure:4278: checking for unistd.h
configure:4278: gcc -c -g -O2  conftest.c >&5
configure:4278: $? = 0
configure:4278: result: yes
configure:4293: checking arpa/inet.h usability
configure:4293: gcc -c -g -O2  conftest.c >&5
configure:4293: $? = 0
configure:4293: result: yes
configure:4293: checking arpa/inet.h presence
configure:4293: gcc -E  conftest.c
configure:4293: $? = 0
configure:4293: result: yes
configure:4293: checking for arpa/inet.h
configure:4293: result: yes
configure:4293: checking limits.h usability
configure:4293: gcc -c -g -O2  conftest.c >&5
configure:4293: $? = 0
configure:4293: result: yes
configure:4293: checking limits.h presence
configure:4293: gcc -E  conftest.c
configure:4293: $? = 0
configure:4293: result: yes
configure:4293: checking for limits.h
configure:4293: result: yes
configure:4293: checking netinet/in.h usability
configure:4293: gcc -c -g -O2  conftest.c >&5
configure:4293: $? = 0
configure:4293: result: yes
configure:4293: checking netinet/in.h presence
configure:4293: gcc -E  conftest.c
configure:4293: $? = 0
configure:4293: result: yes
configure:4293: checking for netinet/in.h
configure:4293: result: yes
configure:4293: checking for stdlib.h
configure:4293: result: yes
configure:4293: checking for string.h
configure:4293: result: yes
configure:4293: checking sys/socket.h usability
configure:4293: gcc -c -g -O2  conftest.c >&5
configure:4293: $? = 0
configure:4293: result: yes
configure:4293: checking sys/socket.h presence
configure:4293: gcc -E  conftest.c
configure:4293: $? = 0
configure:4293: result: yes
configure:4293: checking for sys/socket.h
configure:4293: result: yes
configure:4293: checking sys/time.h usability
configure:4293: gcc -c -g -O2  conftest.c >&5
configure:4293: $? = 0
configure:4293: result: yes
configure:4293: checking sys/time.h presence
configure:4293: gcc -E  conftest.c
configure:4293: $? = 0
configure:4293: result: yes
configure:4293: checking for sys/time.h
configure:4293: result: yes
configure:4293: checking for unistd.h
configure:4293: result: yes
configure:4293: checking stddef.h usability
configure:4293: gcc -c -g -O2  conftest.c >&5
configure:4293: $? = 0
configure:4293: result: yes
configure:4293: checking stddef.h presence
configure:4293: gcc -E  conftest.c
configure:4293: $? = 0
configure:4293: result: yes
configure:4293: checking for stddef.h
configure:4293: result: yes
configure:4293: checking stdbool.h usability
configure:4293: gcc -c -g -O2  conftest.c >&5
configure:4293: $? = 0
configure:4293: result: yes
configure:4293: checking stdbool.h presence
configure:4293: gcc -E  conftest.c
configure:4293: $? = 0
configure:4293: result: yes
configure:4293: checking for stdbool.h
configure:4293: result: yes
configure:4293: checking endian.h usability
configure:4293: gcc -c -g -O2  conftest.c >&5
configure:4293: $? = 0
configure:4293: result: yes
configure:4293: checking endian.h presence
configure:4293: gcc -E  conftest.c
configure:4293: $? = 0
configure:4293: result: yes
configure:4293: checking for endian.h
configure:4293: result: yes
configure:4305: checking for size_t
configure:4305: gcc -c -g -O2  conftest.c >&5
configure:4305: $? = 0
configure:4305: gcc -c -g -O2  conftest.c >&5
conftest.c: In function 'main':
conftest.c:71:21: error: expected expression before ')' token
 if (sizeof ((size_t)))
                     ^
configure:4305: $? = 1
configure: failed program was:
| /* confdefs.h */
| #define PACKAGE_NAME "pofswitch"
| #define PACKAGE_TARNAME "pofswitch"
| #define PACKAGE_VERSION "1.4.0.015"
| #define PACKAGE_STRING "pofswitch 1.4.0.015"
| #define PACKAGE_BUGREPORT "yujingzhou@huawei.com"
| #define PACKAGE_URL ""
| #define PACKAGE "pofswitch"
| #define VERSION "1.4.0.015"
| #define POFSWITCH_VERSION_NO POFSwitch_VERSION_1_4_0
| #define POFSWITCH_VERSION_SUB "015"
| #define HAVE_LIBPTHREAD 1
| #define STDC_HEADERS 1
| #define HAVE_SYS_TYPES_H 1
| #define HAVE_SYS_STAT_H 1
| #define HAVE_STDLIB_H 1
| #define HAVE_STRING_H 1
| #define HAVE_MEMORY_H 1
| #define HAVE_STRINGS_H 1
| #define HAVE_INTTYPES_H 1
| #define HAVE_STDINT_H 1
| #define HAVE_UNISTD_H 1
| #define HAVE_ARPA_INET_H 1
| #define HAVE_LIMITS_H 1
| #define HAVE_NETINET_IN_H 1
| #define HAVE_STDLIB_H 1
| #define HAVE_STRING_H 1
| #define HAVE_SYS_SOCKET_H 1
| #define HAVE_SYS_TIME_H 1
| #define HAVE_UNISTD_H 1
| #define HAVE_STDDEF_H 1
| #define HAVE_STDBOOL_H 1
| #define HAVE_ENDIAN_H 1
| /* end confdefs.h.  */
| #include <stdio.h>
| #ifdef HAVE_SYS_TYPES_H
| # include <sys/types.h>
| #endif
| #ifdef HAVE_SYS_STAT_H
| # include <sys/stat.h>
| #endif
| #ifdef STDC_HEADERS
| # include <stdlib.h>
| # include <stddef.h>
| #else
| # ifdef HAVE_STDLIB_H
| #  include <stdlib.h>
| # endif
| #endif
| #ifdef HAVE_STRING_H
| # if !defined STDC_HEADERS && defined HAVE_MEMORY_H
| #  include <memory.h>
| # endif
| # include <string.h>
| #endif
| #ifdef HAVE_STRINGS_H
| # include <strings.h>
| #endif
| #ifdef HAVE_INTTYPES_H
| # include <inttypes.h>
| #endif
| #ifdef HAVE_STDINT_H
| # include <stdint.h>
| #endif
| #ifdef HAVE_UNISTD_H
| # include <unistd.h>
| #endif
| int
| main ()
| {
| if (sizeof ((size_t)))
| 	    return 0;
|   ;
|   return 0;
| }
configure:4305: result: yes
configure:4316: checking for uint16_t
configure:4316: gcc -c -g -O2  conftest.c >&5
configure:4316: $? = 0
configure:4316: result: yes
configure:4328: checking for uint32_t
configure:4328: gcc -c -g -O2  conftest.c >&5
configure:4328: $? = 0
configure:4328: result: yes
configure:4342: checking for uint64_t
configure:4342: gcc -c -g -O2  conftest.c >&5
configure:4342: $? = 0
configure:4342: result: yes
configure:4356: checking for uint8_t
configure:4356: gcc -c -g -O2  conftest.c >&5
configure:4356: $? = 0
configure:4356: result: yes
configure:4374: checking for stdlib.h
configure:4374: result: yes
configure:4384: checking for GNU libc compatible malloc
configure:4408: gcc -o conftest -g -O2   conftest.c -lpthread  >&5
configure:4408: $? = 0
configure:4408: ./conftest
configure:4408: $? = 0
configure:4418: result: yes
configure:4442: checking for inet_ntoa
configure:4442: gcc -o conftest -g -O2   conftest.c -lpthread  >&5
configure:4442: $? = 0
configure:4442: result: yes
configure:4442: checking for memset
configure:4442: gcc -o conftest -g -O2   conftest.c -lpthread  >&5
conftest.c:61:6: warning: conflicting types for built-in function 'memset' [enabled by default]
 char memset ();
      ^
configure:4442: $? = 0
configure:4442: result: yes
configure:4442: checking for socket
configure:4442: gcc -o conftest -g -O2   conftest.c -lpthread  >&5
configure:4442: $? = 0
configure:4442: result: yes
configure:4669: creating ./config.status

## ---------------------- ##
## Running config.status. ##
## ---------------------- ##

This file was extended by pofswitch config.status 1.4.0.015, which was
generated by GNU Autoconf 2.69.  Invocation command line was

  CONFIG_FILES    = 
  CONFIG_HEADERS  = 
  CONFIG_LINKS    = 
  CONFIG_COMMANDS = 
  $ ./config.status 

on ubuntu

config.status:776: creating Makefile
config.status:948: executing depfiles commands

## ---------------- ##
## Cache variables. ##
## ---------------- ##

ac_cv_c_compiler_gnu=yes
ac_cv_c_uint16_t=yes
ac_cv_c_uint32_t=yes
ac_cv_c_uint64_t=yes
ac_cv_c_uint8_t=yes
ac_cv_env_CC_set=
ac_cv_env_CC_value=
ac_cv_env_CFLAGS_set=
ac_cv_env_CFLAGS_value=
ac_cv_env_CPPFLAGS_set=
ac_cv_env_CPPFLAGS_value=
ac_cv_env_CPP_set=
ac_cv_env_CPP_value=
ac_cv_env_LDFLAGS_set=
ac_cv_env_LDFLAGS_value=
ac_cv_env_LIBS_set=
ac_cv_env_LIBS_value=
ac_cv_env_build_alias_set=
ac_cv_env_build_alias_value=
ac_cv_env_host_alias_set=
ac_cv_env_host_alias_value=
ac_cv_env_target_alias_set=
ac_cv_env_target_alias_value=
ac_cv_func_inet_ntoa=yes
ac_cv_func_malloc_0_nonnull=yes
ac_cv_func_memset=yes
ac_cv_func_socket=yes
ac_cv_header_arpa_inet_h=yes
ac_cv_header_endian_h=yes
ac_cv_header_inttypes_h=yes
ac_cv_header_limits_h=yes
ac_cv_header_memory_h=yes
ac_cv_header_netinet_in_h=yes
ac_cv_header_stdbool_h=yes
ac_cv_header_stdc=yes
ac_cv_header_stddef_h=yes
ac_cv_header_stdint_h=yes
ac_cv_header_stdlib_h=yes
ac_cv_header_string_h=yes
ac_cv_header_strings_h=yes
ac_cv_header_sys_socket_h=yes
ac_cv_header_sys_stat_h=yes
ac_cv_header_sys_time_h=yes
ac_cv_header_sys_types_h=yes
ac_cv_header_unistd_h=yes
ac_cv_lib_pthread_pthread_create=yes
ac_cv_objext=o
ac_cv_path_EGREP='/bin/grep -E'
ac_cv_path_GREP=/bin/grep
ac_cv_path_install='/usr/bin/install -c'
ac_cv_path_mkdir=/bin/mkdir
ac_cv_prog_AWK=gawk
ac_cv_prog_CPP='gcc -E'
ac_cv_prog_ac_ct_CC=gcc
ac_cv_prog_ac_ct_RANLIB=ranlib
ac_cv_prog_cc_c89=
ac_cv_prog_cc_g=yes
ac_cv_prog_make_make_set=yes
ac_cv_type_size_t=yes
am_cv_CC_dependencies_compiler_type=gcc3

## ----------------- ##
## Output variables. ##
## ----------------- ##

ACLOCAL='${SHELL} /home/ck/C/pofswitch-1.4.0.015/missing --run aclocal-1.11'
AMDEPBACKSLASH='\'
AMDEP_FALSE='#'
AMDEP_TRUE=''
AMTAR='$${TAR-tar}'
AUTOCONF='${SHELL} /home/ck/C/pofswitch-1.4.0.015/missing --run autoconf'
AUTOHEADER='${SHELL} /home/ck/C/pofswitch-1.4.0.015/missing --run autoheader'
AUTOMAKE='${SHELL} /home/ck/C/pofswitch-1.4.0.015/missing --run automake-1.11'
AWK='gawk'
CC='gcc'
CCDEPMODE='depmode=gcc3'
CFLAGS='-g -O2'
CPP='gcc -E'
CPPFLAGS=''
CYGPATH_W='echo'
DEFS='-DPACKAGE_NAME=\"pofswitch\" -DPACKAGE_TARNAME=\"pofswitch\" -DPACKAGE_VERSION=\"1.4.0.015\" -DPACKAGE_STRING=\"pofswitch\ 1.4.0.015\" -DPACKAGE_BUGREPORT=\"yujingzhou@huawei.com\" -DPACKAGE_URL=\"\" -DPACKAGE=\"pofswitch\" -DVERSION=\"1.4.0.015\" -DPOFSWITCH_VERSION_NO=POFSwitch_VERSION_1_4_0 -DPOFSWITCH_VERSION_SUB=\"015\" -DHAVE_LIBPTHREAD=1 -DSTDC_HEADERS=1 -DHAVE_SYS_TYPES_H=1 -DHAVE_SYS_STAT_H=1 -DHAVE_STDLIB_H=1 -DHAVE_STRING_H=1 -DHAVE_MEMORY_H=1 -DHAVE_STRINGS_H=1 -DHAVE_INTTYPES_H=1 -DHAVE_STDINT_H=1 -DHAVE_UNISTD_H=1 -DHAVE_ARPA_INET_H=1 -DHAVE_LIMITS_H=1 -DHAVE_NETINET_IN_H=1 -DHAVE_STDLIB_H=1 -DHAVE_STRING_H=1 -DHAVE_SYS_SOCKET_H=1 -DHAVE_SYS_TIME_H=1 -DHAVE_UNISTD_H=1 -DHAVE_STDDEF_H=1 -DHAVE_STDBOOL_H=1 -DHAVE_ENDIAN_H=1 -DHAVE_STDLIB_H=1 -DHAVE_MALLOC=1 -DHAVE_INET_NTOA=1 -DHAVE_MEMSET=1 -DHAVE_SOCKET=1 -DPOF_DEBUG_ON=1 -DPOF_DEBUG_COLOR_ON=1'
DEPDIR='.deps'
ECHO_C=''
ECHO_N='-n'
ECHO_T=''
EGREP='/bin/grep -E'
EXEEXT=''
GREP='/bin/grep'
INSTALL_DATA='${INSTALL} -m 644'
INSTALL_PROGRAM='${INSTALL}'
INSTALL_SCRIPT='${INSTALL}'
INSTALL_STRIP_PROGRAM='$(install_sh) -c -s'
LDFLAGS=''
LIBOBJS=''
LIBS='-lpthread '
LTLIBOBJS=''
MAKEINFO='${SHELL} /home/ck/C/pofswitch-1.4.0.015/missing --run makeinfo'
MKDIR_P='/bin/mkdir -p'
OBJEXT='o'
PACKAGE='pofswitch'
PACKAGE_BUGREPORT='yujingzhou@huawei.com'
PACKAGE_NAME='pofswitch'
PACKAGE_STRING='pofswitch 1.4.0.015'
PACKAGE_TARNAME='pofswitch'
PACKAGE_URL=''
PACKAGE_VERSION='1.4.0.015'
PATH_SEPARATOR=':'
RANLIB='ranlib'
SET_MAKE=''
SHELL='/bin/bash'
STRIP=''
VERSION='1.4.0.015'
ac_ct_CC='gcc'
am__EXEEXT_FALSE=''
am__EXEEXT_TRUE='#'
am__fastdepCC_FALSE='#'
am__fastdepCC_TRUE=''
am__include='include'
am__isrc=''
am__leading_dot='.'
am__nodep='_no'
am__quote=''
am__tar='$${TAR-tar} chof - "$$tardir"'
am__untar='$${TAR-tar} xf -'
bindir='${exec_prefix}/bin'
build_alias=''
datadir='${datarootdir}'
datarootdir='${prefix}/share'
docdir='${datarootdir}/doc/${PACKAGE_TARNAME}'
dvidir='${docdir}'
exec_prefix='${prefix}'
host_alias=''
htmldir='${docdir}'
includedir='${prefix}/include'
infodir='${datarootdir}/info'
install_sh='${SHELL} /home/ck/C/pofswitch-1.4.0.015/install-sh'
libdir='${exec_prefix}/lib'
libexecdir='${exec_prefix}/libexec'
localedir='${datarootdir}/locale'
localstatedir='${prefix}/var'
mandir='${datarootdir}/man'
mkdir_p='/bin/mkdir -p'
oldincludedir='/usr/include'
pdfdir='${docdir}'
prefix='/usr/local'
program_transform_name='s,x,x,'
psdir='${docdir}'
sbindir='${exec_prefix}/sbin'
sharedstatedir='${prefix}/com'
sysconfdir='${prefix}/etc'
target_alias=''

## ----------- ##
## confdefs.h. ##
## ----------- ##

/* confdefs.h */
#define PACKAGE_NAME "pofswitch"
#define PACKAGE_TARNAME "pofswitch"
#define PACKAGE_VERSION "1.4.0.015"
#define PACKAGE_STRING "pofswitch 1.4.0.015"
#define PACKAGE_BUGREPORT "yujingzhou@huawei.com"
#define PACKAGE_URL ""
#define PACKAGE "pofswitch"
#define VERSION "1.4.0.015"
#define POFSWITCH_VERSION_NO POFSwitch_VERSION_1_4_0
#define POFSWITCH_VERSION_SUB "015"
#define HAVE_LIBPTHREAD 1
#define STDC_HEADERS 1
#define HAVE_SYS_TYPES_H 1
#define HAVE_SYS_STAT_H 1
#define HAVE_STDLIB_H 1
#define HAVE_STRING_H 1
#define HAVE_MEMORY_H 1
#define HAVE_STRINGS_H 1
#define HAVE_INTTYPES_H 1
#define HAVE_STDINT_H 1
#define HAVE_UNISTD_H 1
#define HAVE_ARPA_INET_H 1
#define HAVE_LIMITS_H 1
#define HAVE_NETINET_IN_H 1
#define HAVE_STDLIB_H 1
#define HAVE_STRING_H 1
#define HAVE_SYS_SOCKET_H 1
#define HAVE_SYS_TIME_H 1
#define HAVE_UNISTD_H 1
#define HAVE_STDDEF_H 1
#define HAVE_STDBOOL_H 1
#define HAVE_ENDIAN_H 1
#define HAVE_STDLIB_H 1
#define HAVE_MALLOC 1
#define HAVE_INET_NTOA 1
#define HAVE_MEMSET 1
#define HAVE_SOCKET 1
#define POF_DEBUG_ON 1
#define POF_DEBUG_COLOR_ON 1

configure: exit 0
